<?xml version="1.0" encoding="UTF-8"?>
<testng-results skipped="0" failed="0" ignored="0" total="5" passed="5">
  <reporter-output>
  </reporter-output>
  <suite name="Sample test Suite" duration-ms="76701" started-at="2020-03-18T06:03:02Z" finished-at="2020-03-18T06:04:19Z">
    <groups>
    </groups>
    <test name="Sample test" duration-ms="76701" started-at="2020-03-18T06:03:02Z" finished-at="2020-03-18T06:04:19Z">
      <class name="com.training.regression.tests.LoginExcelTest">
        <test-method status="PASS" signature="setUpBeforeClass()[pri:0, instance:com.training.regression.tests.LoginExcelTest@39aeed2f]" name="setUpBeforeClass" is-config="true" duration-ms="14" started-at="2020-03-18T11:33:02Z" finished-at="2020-03-18T11:33:02Z">
          <reporter-output>
          </reporter-output>
        </test-method> <!-- setUpBeforeClass -->
        <test-method status="PASS" signature="setUp()[pri:0, instance:com.training.regression.tests.LoginExcelTest@39aeed2f]" name="setUp" is-config="true" duration-ms="13654" started-at="2020-03-18T11:33:03Z" finished-at="2020-03-18T11:33:16Z">
          <reporter-output>
          </reporter-output>
        </test-method> <!-- setUp -->
        <test-method status="PASS" signature="loginDBTest(java.lang.String, java.lang.String, java.lang.String)[pri:0, instance:com.training.regression.tests.LoginExcelTest@39aeed2f]" name="loginDBTest" duration-ms="1651" started-at="2020-03-18T11:33:16Z" data-provider="loginData" finished-at="2020-03-18T11:33:18Z">
          <params>
            <param index="0">
              <value>
                <![CDATA[InvalidLogin]]>
              </value>
            </param>
            <param index="1">
              <value>
                <![CDATA[Username]]>
              </value>
            </param>
            <param index="2">
              <value>
                <![CDATA[Password]]>
              </value>
            </param>
          </params>
          <reporter-output>
          </reporter-output>
        </test-method> <!-- loginDBTest -->
        <test-method status="PASS" signature="tearDown()[pri:0, instance:com.training.regression.tests.LoginExcelTest@39aeed2f]" name="tearDown" is-config="true" duration-ms="873" started-at="2020-03-18T11:33:18Z" finished-at="2020-03-18T11:33:19Z">
          <reporter-output>
          </reporter-output>
        </test-method> <!-- tearDown -->
        <test-method status="PASS" signature="setUp()[pri:0, instance:com.training.regression.tests.LoginExcelTest@39aeed2f]" name="setUp" is-config="true" duration-ms="12013" started-at="2020-03-18T11:33:19Z" finished-at="2020-03-18T11:33:31Z">
          <reporter-output>
          </reporter-output>
        </test-method> <!-- setUp -->
        <test-method status="PASS" signature="loginDBTest(java.lang.String, java.lang.String, java.lang.String)[pri:0, instance:com.training.regression.tests.LoginExcelTest@39aeed2f]" name="loginDBTest" duration-ms="1647" started-at="2020-03-18T11:33:31Z" data-provider="loginData" finished-at="2020-03-18T11:33:33Z">
          <params>
            <param index="0">
              <value>
                <![CDATA[Testdata1]]>
              </value>
            </param>
            <param index="1">
              <value>
                <![CDATA[admin]]>
              </value>
            </param>
            <param index="2">
              <value>
                <![CDATA[123456.0]]>
              </value>
            </param>
          </params>
          <reporter-output>
          </reporter-output>
        </test-method> <!-- loginDBTest -->
        <test-method status="PASS" signature="tearDown()[pri:0, instance:com.training.regression.tests.LoginExcelTest@39aeed2f]" name="tearDown" is-config="true" duration-ms="780" started-at="2020-03-18T11:33:33Z" finished-at="2020-03-18T11:33:33Z">
          <reporter-output>
          </reporter-output>
        </test-method> <!-- tearDown -->
        <test-method status="PASS" signature="setUp()[pri:0, instance:com.training.regression.tests.LoginExcelTest@39aeed2f]" name="setUp" is-config="true" duration-ms="12670" started-at="2020-03-18T11:33:33Z" finished-at="2020-03-18T11:33:46Z">
          <reporter-output>
          </reporter-output>
        </test-method> <!-- setUp -->
        <test-method status="PASS" signature="loginDBTest(java.lang.String, java.lang.String, java.lang.String)[pri:0, instance:com.training.regression.tests.LoginExcelTest@39aeed2f]" name="loginDBTest" duration-ms="1539" started-at="2020-03-18T11:33:46Z" data-provider="loginData" finished-at="2020-03-18T11:33:48Z">
          <params>
            <param index="0">
              <value>
                <![CDATA[Testdata2]]>
              </value>
            </param>
            <param index="1">
              <value>
                <![CDATA[admin]]>
              </value>
            </param>
            <param index="2">
              <value>
                <![CDATA[admin]]>
              </value>
            </param>
          </params>
          <reporter-output>
          </reporter-output>
        </test-method> <!-- loginDBTest -->
        <test-method status="PASS" signature="tearDown()[pri:0, instance:com.training.regression.tests.LoginExcelTest@39aeed2f]" name="tearDown" is-config="true" duration-ms="738" started-at="2020-03-18T11:33:48Z" finished-at="2020-03-18T11:33:48Z">
          <reporter-output>
          </reporter-output>
        </test-method> <!-- tearDown -->
        <test-method status="PASS" signature="setUp()[pri:0, instance:com.training.regression.tests.LoginExcelTest@39aeed2f]" name="setUp" is-config="true" duration-ms="12230" started-at="2020-03-18T11:33:48Z" finished-at="2020-03-18T11:34:01Z">
          <reporter-output>
          </reporter-output>
        </test-method> <!-- setUp -->
        <test-method status="PASS" signature="loginDBTest(java.lang.String, java.lang.String, java.lang.String)[pri:0, instance:com.training.regression.tests.LoginExcelTest@39aeed2f]" name="loginDBTest" duration-ms="1646" started-at="2020-03-18T11:34:01Z" data-provider="loginData" finished-at="2020-03-18T11:34:02Z">
          <params>
            <param index="0">
              <value>
                <![CDATA[Testdata3]]>
              </value>
            </param>
            <param index="1">
              <value>
                <![CDATA[manzoor]]>
              </value>
            </param>
            <param index="2">
              <value>
                <![CDATA[admin@123]]>
              </value>
            </param>
          </params>
          <reporter-output>
          </reporter-output>
        </test-method> <!-- loginDBTest -->
        <test-method status="PASS" signature="tearDown()[pri:0, instance:com.training.regression.tests.LoginExcelTest@39aeed2f]" name="tearDown" is-config="true" duration-ms="1757" started-at="2020-03-18T11:34:02Z" finished-at="2020-03-18T11:34:04Z">
          <reporter-output>
          </reporter-output>
        </test-method> <!-- tearDown -->
        <test-method status="PASS" signature="setUp()[pri:0, instance:com.training.regression.tests.LoginExcelTest@39aeed2f]" name="setUp" is-config="true" duration-ms="12321" started-at="2020-03-18T11:34:04Z" finished-at="2020-03-18T11:34:16Z">
          <reporter-output>
          </reporter-output>
        </test-method> <!-- setUp -->
        <test-method status="PASS" signature="loginDBTest(java.lang.String, java.lang.String, java.lang.String)[pri:0, instance:com.training.regression.tests.LoginExcelTest@39aeed2f]" name="loginDBTest" duration-ms="1575" started-at="2020-03-18T11:34:16Z" data-provider="loginData" finished-at="2020-03-18T11:34:18Z">
          <params>
            <param index="0">
              <value>
                <![CDATA[Testdata4]]>
              </value>
            </param>
            <param index="1">
              <value>
                <![CDATA[admin@123]]>
              </value>
            </param>
            <param index="2">
              <value>
                <![CDATA[admin@123]]>
              </value>
            </param>
          </params>
          <reporter-output>
          </reporter-output>
        </test-method> <!-- loginDBTest -->
        <test-method status="PASS" signature="tearDown()[pri:0, instance:com.training.regression.tests.LoginExcelTest@39aeed2f]" name="tearDown" is-config="true" duration-ms="869" started-at="2020-03-18T11:34:18Z" finished-at="2020-03-18T11:34:19Z">
          <reporter-output>
          </reporter-output>
        </test-method> <!-- tearDown -->
      </class> <!-- com.training.regression.tests.LoginExcelTest -->
    </test> <!-- Sample test -->
  </suite> <!-- Sample test Suite -->
</testng-results>
