<?xml version="1.0" encoding="UTF-8"?>
<!-- Generated by org.testng.reporters.JUnitXMLReporter -->
<testsuite hostname="DESKTOP-EPP13O0" ignored="0" name="Sample test" tests="5" failures="0" timestamp="18 Mar 2020 06:04:19 GMT" time="76.701" errors="0">
  <testcase name="loginDBTest" time="1.651" classname="com.training.regression.tests.LoginExcelTest"/>
  <testcase name="loginDBTest" time="1.647" classname="com.training.regression.tests.LoginExcelTest"/>
  <testcase name="loginDBTest" time="1.539" classname="com.training.regression.tests.LoginExcelTest"/>
  <testcase name="loginDBTest" time="1.646" classname="com.training.regression.tests.LoginExcelTest"/>
  <testcase name="loginDBTest" time="1.575" classname="com.training.regression.tests.LoginExcelTest"/>
</testsuite> <!-- Sample test -->
