<?xml version="1.0" encoding="UTF-8"?>
<!-- Generated by org.testng.reporters.JUnitXMLReporter -->
<testsuite hostname="DESKTOP-EPP13O0" ignored="0" name="Sample test" tests="4" failures="0" timestamp="23 Mar 2020 15:33:02 GMT" time="518.014" errors="0">
  <testcase name="productDeatilsTest" time="239.935" classname="com.training.regression.tests.ProductDetailsTest"/>
  <testcase name="productDeatilsTest" time="11.53" classname="com.training.regression.tests.ProductDetailsTest"/>
  <testcase name="productDeatilsTest" time="9.355" classname="com.training.regression.tests.ProductDetailsTest"/>
  <testcase name="productDeatilsTest" time="16.063" classname="com.training.regression.tests.ProductDetailsTest"/>
</testsuite> <!-- Sample test -->
